y:\documents\visual studio 2015\projects\project2\parser\debug\parser.pdb
y:\documents\visual studio 2015\projects\project2\parser\debug\parser.idb
y:\documents\visual studio 2015\projects\project2\parser\debug\abstrsyntree.obj
y:\documents\visual studio 2015\projects\project2\parser\debug\filesystem.obj
y:\documents\visual studio 2015\projects\project2\parser\debug\grammarhelpers.obj
y:\documents\visual studio 2015\projects\project2\parser\debug\logger.obj
y:\documents\visual studio 2015\projects\project2\parser\debug\scopestack.obj
y:\documents\visual studio 2015\projects\project2\parser\debug\semiexp.obj
y:\documents\visual studio 2015\projects\project2\parser\debug\tokenizer.obj
y:\documents\visual studio 2015\projects\project2\parser\debug\utilities.obj
y:\documents\visual studio 2015\projects\project2\parser\debug\actionsandrules.obj
y:\documents\visual studio 2015\projects\project2\parser\debug\configureparser.obj
y:\documents\visual studio 2015\projects\project2\parser\debug\parser.obj
y:\documents\visual studio 2015\projects\project2\debug\parser.pdb
y:\documents\visual studio 2015\projects\project2\debug\parser.lib
y:\documents\visual studio 2015\projects\project2\parser\debug\parser.tlog\cl.command.1.tlog
y:\documents\visual studio 2015\projects\project2\parser\debug\parser.tlog\cl.read.1.tlog
y:\documents\visual studio 2015\projects\project2\parser\debug\parser.tlog\cl.write.1.tlog
y:\documents\visual studio 2015\projects\project2\parser\debug\parser.tlog\lib-link.read.1.tlog
y:\documents\visual studio 2015\projects\project2\parser\debug\parser.tlog\lib-link.write.1.tlog
y:\documents\visual studio 2015\projects\project2\parser\debug\parser.tlog\lib.command.1.tlog
